# JRE version: 7.0_07-b11
# Java VM: Java HotSpot(TM) 64-Bit Server VM (23.3-b01 mixed mode windows-amd64 compressed oops)
Heap
 PSYoungGen      total 215616K, used 148482K [0x00000000eaab0000, 0x00000000f8ad0000, 0x0000000100000000)
  eden space 203776K, 72% used [0x00000000eaab0000,0x00000000f3a1c930,0x00000000f71b0000)
  from space 11840K, 13% used [0x00000000f71b0000,0x00000000f7344030,0x00000000f7d40000)
  to   space 9792K, 0% used [0x00000000f7d40000,0x00000000f7d40000,0x00000000f86d0000)
 ParOldGen       total 86080K, used 20657K [0x00000000c0000000, 0x00000000c5410000, 0x00000000eaab0000)
  object space 86080K, 23% used [0x00000000c0000000,0x00000000c142c540,0x00000000c5410000)
 PSPermGen       total 37376K, used 37241K [0x00000000b0000000, 0x00000000b2480000, 0x00000000c0000000)
  object space 37376K, 99% used [0x00000000b0000000,0x00000000b245e620,0x00000000b2480000)
GC Heap History (10 events):
Event: 26.465 GC heap before
{Heap before GC invocations=7 (full 0):
 PSYoungGen      total 73792K, used 70131K [0x00000000eaab0000, 0x00000000efc70000, 0x0000000100000000)
  eden space 64512K, 99% used [0x00000000eaab0000,0x00000000ee9afca0,0x00000000ee9b0000)
  from space 9280K, 60% used [0x00000000ef360000,0x00000000ef8dd0f0,0x00000000efc70000)
  to   space 9600K, 0% used [0x00000000ee9b0000,0x00000000ee9b0000,0x00000000ef310000)
 ParOldGen       total 86080K, used 7215K [0x00000000c0000000, 0x00000000c5410000, 0x00000000eaab0000)
  object space 86080K, 8% used [0x00000000c0000000,0x00000000c070be68,0x00000000c5410000)
 PSPermGen       total 22592K, used 22406K [0x00000000b0000000, 0x00000000b1610000, 0x00000000c0000000)
  object space 22592K, 99% used [0x00000000b0000000,0x00000000b15e1808,0x00000000b1610000)
Event: 26.482 GC heap after
Heap after GC invocations=7 (full 0):
 PSYoungGen      total 74112K, used 5830K [0x00000000eaab0000, 0x00000000f3ad0000, 0x0000000100000000)
  eden space 64512K, 0% used [0x00000000eaab0000,0x00000000eaab0000,0x00000000ee9b0000)
  from space 9600K, 60% used [0x00000000ee9b0000,0x00000000eef618a0,0x00000000ef310000)
  to   space 9280K, 0% used [0x00000000f31c0000,0x00000000f31c0000,0x00000000f3ad0000)
 ParOldGen       total 86080K, used 9889K [0x00000000c0000000, 0x00000000c5410000, 0x00000000eaab0000)
  object space 86080K, 11% used [0x00000000c0000000,0x00000000c09a8448,0x00000000c5410000)
 PSPermGen       total 22592K, used 22406K [0x00000000b0000000, 0x00000000b1610000, 0x00000000c0000000)
  object space 22592K, 99% used [0x00000000b0000000,0x00000000b15e1808,0x00000000b1610000)
}
Event: 27.643 GC heap before
{Heap before GC invocations=8 (full 0):
 PSYoungGen      total 74112K, used 70342K [0x00000000eaab0000, 0x00000000f3ad0000, 0x0000000100000000)
  eden space 64512K, 100% used [0x00000000eaab0000,0x00000000ee9b0000,0x00000000ee9b0000)
  from space 9600K, 60% used [0x00000000ee9b0000,0x00000000eef618a0,0x00000000ef310000)
  to   space 9280K, 0% used [0x00000000f31c0000,0x00000000f31c0000,0x00000000f3ad0000)
 ParOldGen       total 86080K, used 9889K [0x00000000c0000000, 0x00000000c5410000, 0x00000000eaab0000)
  object space 86080K, 11% used [0x00000000c0000000,0x00000000c09a8448,0x00000000c5410000)
 PSPermGen       total 23168K, used 23137K [0x00000000b0000000, 0x00000000b16a0000, 0x00000000c0000000)
  object space 23168K, 99% used [0x00000000b0000000,0x00000000b16986c0,0x00000000b16a0000)
Event: 27.659 GC heap after
Heap after GC invocations=8 (full 0):
 PSYoungGen      total 137920K, used 2736K [0x00000000eaab0000, 0x00000000f3b90000, 0x0000000100000000)
  eden space 128640K, 0% used [0x00000000eaab0000,0x00000000eaab0000,0x00000000f2850000)
  from space 9280K, 29% used [0x00000000f31c0000,0x00000000f346c010,0x00000000f3ad0000)
  to   space 9664K, 0% used [0x00000000f2850000,0x00000000f2850000,0x00000000f31c0000)
 ParOldGen       total 86080K, used 12395K [0x00000000c0000000, 0x00000000c5410000, 0x00000000eaab0000)
  object space 86080K, 14% used [0x00000000c0000000,0x00000000c0c1ae08,0x00000000c5410000)
 PSPermGen       total 23168K, used 23137K [0x00000000b0000000, 0x00000000b16a0000, 0x00000000c0000000)
  object space 23168K, 99% used [0x00000000b0000000,0x00000000b16986c0,0x00000000b16a0000)
}
Event: 28.653 GC heap before
{Heap before GC invocations=9 (full 0):
 PSYoungGen      total 137920K, used 131376K [0x00000000eaab0000, 0x00000000f3b90000, 0x0000000100000000)
  eden space 128640K, 100% used [0x00000000eaab0000,0x00000000f2850000,0x00000000f2850000)
  from space 9280K, 29% used [0x00000000f31c0000,0x00000000f346c010,0x00000000f3ad0000)
  to   space 9664K, 0% used [0x00000000f2850000,0x00000000f2850000,0x00000000f31c0000)
 ParOldGen       total 86080K, used 12395K [0x00000000c0000000, 0x00000000c5410000, 0x00000000eaab0000)
  object space 86080K, 14% used [0x00000000c0000000,0x00000000c0c1ae08,0x00000000c5410000)
 PSPermGen       total 23168K, used 23149K [0x00000000b0000000, 0x00000000b16a0000, 0x00000000c0000000)
  object space 23168K, 99% used [0x00000000b0000000,0x00000000b169b670,0x00000000b16a0000)
Event: 28.661 GC heap after
Heap after GC invocations=9 (full 0):
 PSYoungGen      total 138304K, used 3056K [0x00000000eaab0000, 0x00000000f86d0000, 0x0000000100000000)
  eden space 128640K, 0% used [0x00000000eaab0000,0x00000000eaab0000,0x00000000f2850000)
  from space 9664K, 31% used [0x00000000f2850000,0x00000000f2b4c020,0x00000000f31c0000)
  to   space 9792K, 0% used [0x00000000f7d40000,0x00000000f7d40000,0x00000000f86d0000)
 ParOldGen       total 86080K, used 12699K [0x00000000c0000000, 0x00000000c5410000, 0x00000000eaab0000)
  object space 86080K, 14% used [0x00000000c0000000,0x00000000c0c66e08,0x00000000c5410000)
 PSPermGen       total 23168K, used 23149K [0x00000000b0000000, 0x00000000b16a0000, 0x00000000c0000000)
  object space 23168K, 99% used [0x00000000b0000000,0x00000000b169b670,0x00000000b16a0000)
}
Event: 35.275 GC heap before
{Heap before GC invocations=10 (full 0):
 PSYoungGen      total 138304K, used 131696K [0x00000000eaab0000, 0x00000000f86d0000, 0x0000000100000000)
  eden space 128640K, 100% used [0x00000000eaab0000,0x00000000f2850000,0x00000000f2850000)
  from space 9664K, 31% used [0x00000000f2850000,0x00000000f2b4c020,0x00000000f31c0000)
  to   space 9792K, 0% used [0x00000000f7d40000,0x00000000f7d40000,0x00000000f86d0000)
 ParOldGen       total 86080K, used 12699K [0x00000000c0000000, 0x00000000c5410000, 0x00000000eaab0000)
  object space 86080K, 14% used [0x00000000c0000000,0x00000000c0c66e08,0x00000000c5410000)
 PSPermGen       total 29504K, used 29323K [0x00000000b0000000, 0x00000000b1cd0000, 0x00000000c0000000)
  object space 29504K, 99% used [0x00000000b0000000,0x00000000b1ca2ff8,0x00000000b1cd0000)
Event: 35.297 GC heap after
Heap after GC invocations=10 (full 0):
 PSYoungGen      total 213568K, used 9768K [0x00000000eaab0000, 0x00000000f8ad0000, 0x0000000100000000)
  eden space 203776K, 0% used [0x00000000eaab0000,0x00000000eaab0000,0x00000000f71b0000)
  from space 9792K, 99% used [0x00000000f7d40000,0x00000000f86ca120,0x00000000f86d0000)
  to   space 11840K, 0% used [0x00000000f71b0000,0x00000000f71b0000,0x00000000f7d40000)
 ParOldGen       total 86080K, used 15200K [0x00000000c0000000, 0x00000000c5410000, 0x00000000eaab0000)
  object space 86080K, 17% used [0x00000000c0000000,0x00000000c0ed8380,0x00000000c5410000)
 PSPermGen       total 29504K, used 29323K [0x00000000b0000000, 0x00000000b1cd0000, 0x00000000c0000000)
  object space 29504K, 99% used [0x00000000b0000000,0x00000000b1ca2ff8,0x00000000b1cd0000)
}
Event: 40.145 GC heap before
{Heap before GC invocations=11 (full 0):
 PSYoungGen      total 213568K, used 213544K [0x00000000eaab0000, 0x00000000f8ad0000, 0x0000000100000000)
  eden space 203776K, 100% used [0x00000000eaab0000,0x00000000f71b0000,0x00000000f71b0000)
  from space 9792K, 99% used [0x00000000f7d40000,0x00000000f86ca120,0x00000000f86d0000)
  to   space 11840K, 0% used [0x00000000f71b0000,0x00000000f71b0000,0x00000000f7d40000)
 ParOldGen       total 86080K, used 15200K [0x00000000c0000000, 0x00000000c5410000, 0x00000000eaab0000)
  object space 86080K, 17% used [0x00000000c0000000,0x00000000c0ed8380,0x00000000c5410000)
 PSPermGen       total 29696K, used 29508K [0x00000000b0000000, 0x00000000b1d00000, 0x00000000c0000000)
  object space 29696K, 99% used [0x00000000b0000000,0x00000000b1cd12d8,0x00000000b1d00000)
Event: 40.167 GC heap after
Heap after GC invocations=11 (full 0):
 PSYoungGen      total 215616K, used 1616K [0x00000000eaab0000, 0x00000000f8ad0000, 0x0000000100000000)
  eden space 203776K, 0% used [0x00000000eaab0000,0x00000000eaab0000,0x00000000f71b0000)
  from space 11840K, 13% used [0x00000000f71b0000,0x00000000f7344030,0x00000000f7d40000)
  to   space 9792K, 0% used [0x00000000f7d40000,0x00000000f7d40000,0x00000000f86d0000)
 ParOldGen       total 86080K, used 20657K [0x00000000c0000000, 0x00000000c5410000, 0x00000000eaab0000)
  object space 86080K, 23% used [0x00000000c0000000,0x00000000c142c540,0x00000000c5410000)
 PSPermGen       total 29696K, used 29508K [0x00000000b0000000, 0x00000000b1d00000, 0x00000000c0000000)
  object space 29696K, 99% used [0x00000000b0000000,0x00000000b1cd12d8,0x00000000b1d00000)
}

